<?xml version="1.0" encoding="UTF-8"?>
<!-- Generated by org.testng.reporters.JUnitReportReporter -->
<testsuite hostname="HP" name="com.login.Index.loginIndex" tests="1" failures="0" timestamp="29 Oct 2015 11:04:07 GMT" time="74.516" errors="0">
  <testcase name="login_tarpan_credential" time="74.516" classname="com.login.Index.loginIndex"/>
</testsuite> <!-- com.login.Index.loginIndex -->
